vendor/jquery/jquery.min.js
vendor/noty/js/noty/packaged/jquery.noty.packaged.js
vendor/hammerjs/hammer.min.js
vendor/mustache.js/jquery.mustache.js
vendor/masonry/dist/masonry.pkgd.min.js
vendor/imagesloaded/imagesloaded.pkgd.min.js
modules/_commons.js
modules/add-calendar.js
modules/cata-display.js
modules/corporate-navigation.js
modules/datepicker.js
modules/faq-sna-corpo.js
modules/fold.js
modules/formlink.js
modules/gallery-infinite.js
modules/gallery-swiper.js
modules/gallery.js
modules/history.js
modules/infinite-scroll.js
modules/jqueryUI-core-widget-position-autocomplete-menu.js
modules/lang-switcher.js
modules/library.js
modules/modal.js
modules/mySelection.js
modules/newsletter.js
modules/paginate.js
modules/partner-load.js
modules/scroll.js
modules/searchform-extended.js
modules/searchform.js
modules/searchsuggest.js
modules/selection.js
modules/sticky.js
modules/survey.js
modules/swiper.js
modules/tab-nav.js
modules/tag-hide.js
modules/tooltip.js
unflux.js
